Determining if the pthread_create exist failed with the following output:
Change Dir: /home/demo/catkin_ws/build/CMakeFiles/CMakeTmp

Run Build Command(s):/usr/bin/make cmTC_898f0/fast 
/usr/bin/make -f CMakeFiles/cmTC_898f0.dir/build.make CMakeFiles/cmTC_898f0.dir/build
make[1]: Entering directory '/home/demo/catkin_ws/build/CMakeFiles/CMakeTmp'
Building C object CMakeFiles/cmTC_898f0.dir/CheckSymbolExists.c.o
/usr/bin/cc    -o CMakeFiles/cmTC_898f0.dir/CheckSymbolExists.c.o   -c /home/demo/catkin_ws/build/CMakeFiles/CMakeTmp/CheckSymbolExists.c
Linking C executable cmTC_898f0
/home/demo/cmake-3.14.5/bin/cmake -E cmake_link_script CMakeFiles/cmTC_898f0.dir/link.txt --verbose=1
/usr/bin/cc      -rdynamic CMakeFiles/cmTC_898f0.dir/CheckSymbolExists.c.o  -o cmTC_898f0 
CMakeFiles/cmTC_898f0.dir/CheckSymbolExists.c.o: In function `main':
CheckSymbolExists.c:(.text+0x16): undefined reference to `pthread_create'
collect2: error: ld returned 1 exit status
CMakeFiles/cmTC_898f0.dir/build.make:86: recipe for target 'cmTC_898f0' failed
make[1]: *** [cmTC_898f0] Error 1
make[1]: Leaving directory '/home/demo/catkin_ws/build/CMakeFiles/CMakeTmp'
Makefile:121: recipe for target 'cmTC_898f0/fast' failed
make: *** [cmTC_898f0/fast] Error 2

File /home/demo/catkin_ws/build/CMakeFiles/CMakeTmp/CheckSymbolExists.c:
/* */
#include <pthread.h>

int main(int argc, char** argv)
{
  (void)argv;
#ifndef pthread_create
  return ((int*)(&pthread_create))[argc];
#else
  (void)argc;
  return 0;
#endif
}

Determining if the function pthread_create exists in the pthreads failed with the following output:
Change Dir: /home/demo/catkin_ws/build/CMakeFiles/CMakeTmp

Run Build Command(s):/usr/bin/make cmTC_6af38/fast 
/usr/bin/make -f CMakeFiles/cmTC_6af38.dir/build.make CMakeFiles/cmTC_6af38.dir/build
make[1]: Entering directory '/home/demo/catkin_ws/build/CMakeFiles/CMakeTmp'
Building C object CMakeFiles/cmTC_6af38.dir/CheckFunctionExists.c.o
/usr/bin/cc   -DCHECK_FUNCTION_EXISTS=pthread_create   -o CMakeFiles/cmTC_6af38.dir/CheckFunctionExists.c.o   -c /home/demo/cmake-3.14.5/Modules/CheckFunctionExists.c
Linking C executable cmTC_6af38
/home/demo/cmake-3.14.5/bin/cmake -E cmake_link_script CMakeFiles/cmTC_6af38.dir/link.txt --verbose=1
/usr/bin/cc  -DCHECK_FUNCTION_EXISTS=pthread_create    -rdynamic CMakeFiles/cmTC_6af38.dir/CheckFunctionExists.c.o  -o cmTC_6af38 -lpthreads 
/usr/bin/ld: cannot find -lpthreads
collect2: error: ld returned 1 exit status
CMakeFiles/cmTC_6af38.dir/build.make:86: recipe for target 'cmTC_6af38' failed
make[1]: *** [cmTC_6af38] Error 1
make[1]: Leaving directory '/home/demo/catkin_ws/build/CMakeFiles/CMakeTmp'
Makefile:121: recipe for target 'cmTC_6af38/fast' failed
make: *** [cmTC_6af38/fast] Error 2


Performing C++ SOURCE FILE Test OpenCL_CXX_WORKS failed with the following output:
Change Dir: /home/demo/catkin_ws/build/CMakeFiles/CMakeTmp

Run Build Command(s):/usr/bin/make cmTC_0e53a/fast 
/usr/bin/make -f CMakeFiles/cmTC_0e53a.dir/build.make CMakeFiles/cmTC_0e53a.dir/build
make[1]: Entering directory '/home/demo/catkin_ws/build/CMakeFiles/CMakeTmp'
Building CXX object CMakeFiles/cmTC_0e53a.dir/src.cxx.o
/usr/bin/c++   -I/include/internal  -DBT_USE_DOUBLE_PRECISION -Wall -Wuninitialized -Winit-self -Wunused-function -Wunused-label -Wunused-variable -Wunused-but-set-variable -Wunused-but-set-parameter -Warray-bounds -Wtype-limits -Wreturn-type -Wsequence-point -Wparentheses -Wmissing-braces -Wchar-subscripts -Wswitch -Wwrite-strings -Wenum-compare -Wempty-body -std=c++11 -fopenmp -DOpenCL_CXX_WORKS   -o CMakeFiles/cmTC_0e53a.dir/src.cxx.o -c /home/demo/catkin_ws/build/CMakeFiles/CMakeTmp/src.cxx
/home/demo/catkin_ws/build/CMakeFiles/CMakeTmp/src.cxx:2:21: fatal error: CL/cl.hpp: No such file or directory
compilation terminated.
CMakeFiles/cmTC_0e53a.dir/build.make:65: recipe for target 'CMakeFiles/cmTC_0e53a.dir/src.cxx.o' failed
make[1]: *** [CMakeFiles/cmTC_0e53a.dir/src.cxx.o] Error 1
make[1]: Leaving directory '/home/demo/catkin_ws/build/CMakeFiles/CMakeTmp'
Makefile:121: recipe for target 'cmTC_0e53a/fast' failed
make: *** [cmTC_0e53a/fast] Error 2

Source file was:

#include <CL/cl.hpp>
int main() {
  cl::Context context;
  cl::Platform platform;
  cl::Device device;
  return 0;
}
