Determining if the pthread_create exist failed with the following output:
Change Dir: /home/demo/tm700_ws/build/CMakeFiles/CMakeTmp

Run Build Command:"/usr/bin/make" "cmTC_04e68/fast"
/usr/bin/make -f CMakeFiles/cmTC_04e68.dir/build.make CMakeFiles/cmTC_04e68.dir/build
make[1]: Entering directory '/home/demo/tm700_ws/build/CMakeFiles/CMakeTmp'
Building C object CMakeFiles/cmTC_04e68.dir/CheckSymbolExists.c.o
/usr/bin/cc     -o CMakeFiles/cmTC_04e68.dir/CheckSymbolExists.c.o   -c /home/demo/tm700_ws/build/CMakeFiles/CMakeTmp/CheckSymbolExists.c
Linking C executable cmTC_04e68
/usr/bin/cmake -E cmake_link_script CMakeFiles/cmTC_04e68.dir/link.txt --verbose=1
/usr/bin/cc       CMakeFiles/cmTC_04e68.dir/CheckSymbolExists.c.o  -o cmTC_04e68 -rdynamic 
CMakeFiles/cmTC_04e68.dir/CheckSymbolExists.c.o: In function `main':
CheckSymbolExists.c:(.text+0x16): undefined reference to `pthread_create'
collect2: error: ld returned 1 exit status
CMakeFiles/cmTC_04e68.dir/build.make:97: recipe for target 'cmTC_04e68' failed
make[1]: *** [cmTC_04e68] Error 1
make[1]: Leaving directory '/home/demo/tm700_ws/build/CMakeFiles/CMakeTmp'
Makefile:126: recipe for target 'cmTC_04e68/fast' failed
make: *** [cmTC_04e68/fast] Error 2

File /home/demo/tm700_ws/build/CMakeFiles/CMakeTmp/CheckSymbolExists.c:
/* */
#include <pthread.h>

int main(int argc, char** argv)
{
  (void)argv;
#ifndef pthread_create
  return ((int*)(&pthread_create))[argc];
#else
  (void)argc;
  return 0;
#endif
}

Determining if the function pthread_create exists in the pthreads failed with the following output:
Change Dir: /home/demo/tm700_ws/build/CMakeFiles/CMakeTmp

Run Build Command:"/usr/bin/make" "cmTC_f4d59/fast"
/usr/bin/make -f CMakeFiles/cmTC_f4d59.dir/build.make CMakeFiles/cmTC_f4d59.dir/build
make[1]: Entering directory '/home/demo/tm700_ws/build/CMakeFiles/CMakeTmp'
Building C object CMakeFiles/cmTC_f4d59.dir/CheckFunctionExists.c.o
/usr/bin/cc    -DCHECK_FUNCTION_EXISTS=pthread_create   -o CMakeFiles/cmTC_f4d59.dir/CheckFunctionExists.c.o   -c /usr/share/cmake-3.5/Modules/CheckFunctionExists.c
Linking C executable cmTC_f4d59
/usr/bin/cmake -E cmake_link_script CMakeFiles/cmTC_f4d59.dir/link.txt --verbose=1
/usr/bin/cc   -DCHECK_FUNCTION_EXISTS=pthread_create    CMakeFiles/cmTC_f4d59.dir/CheckFunctionExists.c.o  -o cmTC_f4d59 -rdynamic -lpthreads 
/usr/bin/ld: cannot find -lpthreads
collect2: error: ld returned 1 exit status
CMakeFiles/cmTC_f4d59.dir/build.make:97: recipe for target 'cmTC_f4d59' failed
make[1]: *** [cmTC_f4d59] Error 1
make[1]: Leaving directory '/home/demo/tm700_ws/build/CMakeFiles/CMakeTmp'
Makefile:126: recipe for target 'cmTC_f4d59/fast' failed
make: *** [cmTC_f4d59/fast] Error 2


